<?xml version="1.0" encoding="UTF-8"?>
<!-- Generated by org.testng.reporters.JUnitReportReporter -->
<testsuite hostname="Affle-Laptop-353" failures="0" tests="2" name="LTA_Package_testng.Popup_Before_Login" time="0.020" errors="0" timestamp="2024-08-01T23:32:48 IST" skipped="0">
  <testcase classname="LTA_Package_testng.Popup_Before_Login" name="login" time="0.016"/>
  <system-out/>
  <testcase classname="LTA_Package_testng.Popup_Before_Login" name="search" time="0.004"/>
  <system-out/>
</testsuite> <!-- LTA_Package_testng.Popup_Before_Login -->
