<?xml version="1.0" encoding="UTF-8"?>
<!-- Generated by org.testng.reporters.JUnitReportReporter -->
<testsuite hostname="Affle-Laptop-353" failures="0" tests="4" name="LTA_Package_testng.LTA_After_login_Pop" time="6.267" errors="0" timestamp="2024-08-04T02:14:37 IST" skipped="3">
  <testcase classname="LTA_Package_testng.LTA_After_login_Pop" name="testContinueButtonWithCheckbox" time="6.267"/>
  <system-out/>
  <testcase classname="LTA_Package_testng.LTA_After_login_Pop" name="TestCaseElementDisplay">
    <skipped/>
  </testcase> <!-- TestCaseElementDisplay -->
  <system-out/>
  <testcase classname="LTA_Package_testng.LTA_After_login_Pop" name="testContinueButtonWithoutCheckbox">
    <skipped/>
  </testcase> <!-- testContinueButtonWithoutCheckbox -->
  <system-out/>
  <testcase classname="LTA_Package_testng.LTA_After_login_Pop" name="testTermsAndConditionsLink">
    <skipped/>
  </testcase> <!-- testTermsAndConditionsLink -->
  <system-out/>
</testsuite> <!-- LTA_Package_testng.LTA_After_login_Pop -->
