<?xml version="1.0" encoding="UTF-8"?>
<!-- Generated by org.testng.reporters.JUnitReportReporter -->
<testsuite hostname="Affle-Laptop-353" failures="0" tests="1" name="RestAssuredProjectOne.LTA_Project_By_Testng.AppTest" time="0.003" errors="0" timestamp="2024-09-07T15:01:13 IST" skipped="0">
  <testcase classname="RestAssuredProjectOne.LTA_Project_By_Testng.AppTest" name="testApp" time="0.003"/>
  <system-out/>
</testsuite> <!-- RestAssuredProjectOne.LTA_Project_By_Testng.AppTest -->
